Traceback (most recent call last):
  File "/Users/nhlist/opt/miniconda3/envs/bb1000_2023/lib/python3.11/site-packages/jupyter_cache/executors/utils.py", line 58, in single_nb_execution
    executenb(
  File "/Users/nhlist/opt/miniconda3/envs/bb1000_2023/lib/python3.11/site-packages/nbclient/client.py", line 1305, in execute
    return NotebookClient(nb=nb, resources=resources, km=km, **kwargs).execute()
           ^^^^^^^^^^^^^^^^^^^^^^^^^^^^^^^^^^^^^^^^^^^^^^^^^^^^^^^^^^^^^^^^^^^^^
  File "/Users/nhlist/opt/miniconda3/envs/bb1000_2023/lib/python3.11/site-packages/jupyter_core/utils/__init__.py", line 166, in wrapped
    return loop.run_until_complete(inner)
           ^^^^^^^^^^^^^^^^^^^^^^^^^^^^^^
  File "/Users/nhlist/opt/miniconda3/envs/bb1000_2023/lib/python3.11/asyncio/base_events.py", line 653, in run_until_complete
    return future.result()
           ^^^^^^^^^^^^^^^
  File "/Users/nhlist/opt/miniconda3/envs/bb1000_2023/lib/python3.11/site-packages/nbclient/client.py", line 705, in async_execute
    await self.async_execute_cell(
  File "/Users/nhlist/opt/miniconda3/envs/bb1000_2023/lib/python3.11/site-packages/nbclient/client.py", line 1058, in async_execute_cell
    await self._check_raise_for_error(cell, cell_index, exec_reply)
  File "/Users/nhlist/opt/miniconda3/envs/bb1000_2023/lib/python3.11/site-packages/nbclient/client.py", line 914, in _check_raise_for_error
    raise CellExecutionError.from_cell_and_msg(cell, exec_reply_content)
nbclient.exceptions.CellExecutionError: An error occurred while executing the following cell:
------------------
# Rewrite the following while loop to a for loop

letters = "aefhilmnorsxAEFHILMNORSX"
word = input("I will cheer for you! Enter a word: ")
times = int(input("Enthusiasm level (1-10): "))

# While loop example to reproduce with for loop
i = 0
while i < len(word):
    char = word[i]
    if char in letters:
        print("Give me an " + char + "! " + char)
    else:
        print("Give me a  " + char + "! " + char)
    i += 1
print("What does that spell?")
for i in range(times):
    print(word, "!")
------------------


[0;31m---------------------------------------------------------------------------[0m
[0;31mStdinNotImplementedError[0m                  Traceback (most recent call last)
Cell [0;32mIn[8], line 4[0m
[1;32m      1[0m [38;5;66;03m# Rewrite the following while loop to a for loop[39;00m
[1;32m      3[0m letters [38;5;241m=[39m [38;5;124m"[39m[38;5;124maefhilmnorsxAEFHILMNORSX[39m[38;5;124m"[39m
[0;32m----> 4[0m word [38;5;241m=[39m [38;5;28minput[39m([38;5;124m"[39m[38;5;124mI will cheer for you! Enter a word: [39m[38;5;124m"[39m)
[1;32m      5[0m times [38;5;241m=[39m [38;5;28mint[39m([38;5;28minput[39m([38;5;124m"[39m[38;5;124mEnthusiasm level (1-10): [39m[38;5;124m"[39m))
[1;32m      7[0m [38;5;66;03m# While loop example to reproduce with for loop[39;00m

File [0;32m~/opt/miniconda3/envs/bb1000_2023/lib/python3.11/site-packages/ipykernel/kernelbase.py:1172[0m, in [0;36mKernel.raw_input[0;34m(self, prompt)[0m
[1;32m   1165[0m [38;5;250m[39m[38;5;124;03m"""Forward raw_input to frontends[39;00m
[1;32m   1166[0m 
[1;32m   1167[0m [38;5;124;03mRaises[39;00m
[1;32m   1168[0m [38;5;124;03m------[39;00m
[1;32m   1169[0m [38;5;124;03mStdinNotImplementedError if active frontend doesn't support stdin.[39;00m
[1;32m   1170[0m [38;5;124;03m"""[39;00m
[1;32m   1171[0m [38;5;28;01mif[39;00m [38;5;129;01mnot[39;00m [38;5;28mself[39m[38;5;241m.[39m_allow_stdin:
[0;32m-> 1172[0m     [38;5;28;01mraise[39;00m StdinNotImplementedError(
[1;32m   1173[0m         [38;5;124m"[39m[38;5;124mraw_input was called, but this frontend does not support input requests.[39m[38;5;124m"[39m
[1;32m   1174[0m     )
[1;32m   1175[0m [38;5;28;01mreturn[39;00m [38;5;28mself[39m[38;5;241m.[39m_input_request(
[1;32m   1176[0m     [38;5;28mstr[39m(prompt),
[1;32m   1177[0m     [38;5;28mself[39m[38;5;241m.[39m_parent_ident[[38;5;124m"[39m[38;5;124mshell[39m[38;5;124m"[39m],
[1;32m   1178[0m     [38;5;28mself[39m[38;5;241m.[39mget_parent([38;5;124m"[39m[38;5;124mshell[39m[38;5;124m"[39m),
[1;32m   1179[0m     password[38;5;241m=[39m[38;5;28;01mFalse[39;00m,
[1;32m   1180[0m )

[0;31mStdinNotImplementedError[0m: raw_input was called, but this frontend does not support input requests.

