Traceback (most recent call last):
  File "/Users/nhlist/opt/miniconda3/envs/bb1000/lib/python3.9/site-packages/jupyter_cache/executors/utils.py", line 58, in single_nb_execution
    executenb(
  File "/Users/nhlist/opt/miniconda3/envs/bb1000/lib/python3.9/site-packages/nbclient/client.py", line 1204, in execute
    return NotebookClient(nb=nb, resources=resources, km=km, **kwargs).execute()
  File "/Users/nhlist/opt/miniconda3/envs/bb1000/lib/python3.9/site-packages/nbclient/util.py", line 84, in wrapped
    return just_run(coro(*args, **kwargs))
  File "/Users/nhlist/opt/miniconda3/envs/bb1000/lib/python3.9/site-packages/nbclient/util.py", line 62, in just_run
    return loop.run_until_complete(coro)
  File "/Users/nhlist/opt/miniconda3/envs/bb1000/lib/python3.9/asyncio/base_events.py", line 642, in run_until_complete
    return future.result()
  File "/Users/nhlist/opt/miniconda3/envs/bb1000/lib/python3.9/site-packages/nbclient/client.py", line 663, in async_execute
    await self.async_execute_cell(
  File "/Users/nhlist/opt/miniconda3/envs/bb1000/lib/python3.9/site-packages/nbclient/client.py", line 965, in async_execute_cell
    await self._check_raise_for_error(cell, cell_index, exec_reply)
  File "/Users/nhlist/opt/miniconda3/envs/bb1000/lib/python3.9/site-packages/nbclient/client.py", line 862, in _check_raise_for_error
    raise CellExecutionError.from_cell_and_msg(cell, exec_reply_content)
nbclient.exceptions.CellExecutionError: An error occurred while executing the following cell:
------------------
# Given you have these equations
equation_a = (5 + 3) == 8
equation_b = (3 + 1) == 6

# What should the logical operator between them be to yield True? Replace ##
one_correct_is_okay = equation_a and equation_b #$a$and$

assert one_correct_is_okay, error_message(one_correct_is_okay, True)
------------------

[0;31m---------------------------------------------------------------------------[0m
[0;31mAssertionError[0m                            Traceback (most recent call last)
Cell [0;32mIn[4], line 8[0m
[1;32m      5[0m [38;5;66;03m# What should the logical operator between them be to yield True? Replace ##[39;00m
[1;32m      6[0m one_correct_is_okay [38;5;241m=[39m equation_a [38;5;129;01mand[39;00m equation_b [38;5;66;03m#$a$and$[39;00m
[0;32m----> 8[0m [38;5;28;01massert[39;00m one_correct_is_okay, error_message(one_correct_is_okay, [38;5;28;01mTrue[39;00m)

[0;31mAssertionError[0m: Actual False != Expected True
AssertionError: Actual False != Expected True

